
ROM used:   1329/8192 (16%)
            1329/8192 (16%) including unused fragments

            1.3 Average locations per line
            32.4 Average locations per statement

RAM used:   30/368 (8%) at main() level
            64/368 (17%) worst case

Stack used: 4 worst case (2 in main + 2 for interrupts)
Stack size: 8

Lines Stmts  %   Files
----- ----- ---  -----
   38    14  34  Servomotor.c
  810     0   0  ..\..\..\..\..\..\..\..\..\..\Program Files (x86)\PICCDEMO\Devices\16F887.h
  165    27  66  Servo.h
----- -----
 1013    41 Total

Page ROM  %  RAM    Vol Diff  Functions:
---- --- --- ---    --- ----  ----------
0     63   5    2    232  5.0  TIMER1_isr
0     32   2    6    491  5.9  @WRITEBITA
0     45   3    2    156  2.2  setup_servo
 Inline        12    491  5.9  set_servo_ms
0     63   5   10     42  1.4  @FLT
0    117   9   13    158  3.9  @MULFF
0    202  15   14    141  2.2  @DIVFF
0    321  24   16    156  2.2  @ADDFF
0     31   2    4     98  3.2  @SFTOI
0    281  21    5    150  4.0  set_servo_angle
 Inline         2     98  3.2  @ITOF
0     20   2    1    447  5.4  @delay_ms1
0    105   8    1    275  1.9  MAIN
 Inline         0             @cinit1

Program metrics:
    Functions               13
    Statements              41
    Comments                255
    Volume (V)              4981
    Difficulty (D)          47.0
    Effort to implement (E) 234143
    Time to implement (T)   3 hours, 37 minutes
    Est Delivered Bugs (B)  1
    Cyclomatic Complexity   11
    Maintainability (MI)    149

 Segment     Used  Free
-----------  ----  ----
00000-00003     4  0  
00004-00030    45  0  
00031-007FF  1280  719  
00800-00FFF     0  2048  
01000-017FF     0  2048  
01800-01FFF     0  2048  



